<?xml version="1.0" encoding="UTF-8"?>
<!-- Generated by org.testng.reporters.JUnitReportReporter -->
<testsuite hostname="LTIN294257" failures="0" tests="1" name="baseClass.BaseClass" time="0.008" errors="0" timestamp="2024-05-02T14:56:37 IST" skipped="0">
  <testcase classname="baseClass.BaseClass" name="test1" time="0.008"/>
</testsuite> <!-- baseClass.BaseClass -->
