<?xml version="1.0" encoding="UTF-8"?>
<!-- Generated by org.testng.reporters.JUnitReportReporter -->
<testsuite hostname="LTIN294257" failures="0" tests="1" name="tests.AppiumTest1" time="18.580" errors="0" timestamp="2024-05-03T15:16:08 IST" skipped="0">
  <testcase classname="tests.AppiumTest1" name="appiumTest" time="18.580">
    <system-out>
      <![CDATA[[Catalog, Webview, QR Code Scanner, Geo Location, Drawing, About, Reset App State, FingerPrint, Log In, Log Out, Api Calls, Sauce Bot Video]]]>
    </system-out>
  </testcase> <!-- appiumTest -->
  <system-out>
    <![CDATA[[Catalog, Webview, QR Code Scanner, Geo Location, Drawing, About, Reset App State, FingerPrint, Log In, Log Out, Api Calls, Sauce Bot Video]]]>
  </system-out>
</testsuite> <!-- tests.AppiumTest1 -->
