<?xml version="1.0" encoding="UTF-8"?>
<!-- Generated by org.testng.reporters.JUnitReportReporter -->
<testsuite hostname="LTIN294257" failures="0" tests="1" name="tests.Test1" time="5.203" errors="0" timestamp="2024-05-03T17:04:37 IST" skipped="0">
  <testcase classname="tests.Test1" name="test1" time="5.203">
    <system-out>
      <![CDATA[[Catalog, Webview, QR Code Scanner, Geo Location, Drawing, About, Reset App State, FingerPrint, Log In, Log Out, Api Calls, Sauce Bot Video]]]>
    </system-out>
  </testcase> <!-- test1 -->
  <system-out>
    <![CDATA[[Catalog, Webview, QR Code Scanner, Geo Location, Drawing, About, Reset App State, FingerPrint, Log In, Log Out, Api Calls, Sauce Bot Video]]]>
  </system-out>
</testsuite> <!-- tests.Test1 -->
