<?xml version="1.0" encoding="UTF-8"?>
<!-- Generated by org.testng.reporters.JUnitReportReporter -->
<testsuite hostname="LTIN294257" failures="0" tests="2" name="tests.AppiumTest2" time="13.089" errors="0" timestamp="2024-05-06T15:08:52 IST" skipped="1">
  <testcase classname="tests.AppiumTest2" name="test1" time="13.089"/>
  <testcase classname="tests.AppiumTest2" name="test2">
    <skipped/>
  </testcase> <!-- test2 -->
</testsuite> <!-- tests.AppiumTest2 -->
