<?xml version="1.0" encoding="UTF-8"?>
<!-- Generated by org.testng.reporters.JUnitReportReporter -->
<testsuite hostname="LTIN294257" failures="0" tests="1" name="tests.Test1" time="13.101" errors="0" timestamp="2024-05-16T11:21:59 IST" skipped="0">
  <testcase classname="tests.Test1" name="test1" time="13.101">
    <system-out>
      <![CDATA[Product details
[{Price=$29.99, name=Sauce Labs Bolt T-Shirt}, {Price=$9.99, name=Sauce Labs Fleece Jacket}, {Price=$15.99, name=Sauce Labs Onesie}, {Price=$49.99, name=Test.allTheThings() T-Shirt}]
All items in cart
[{quantity=1, price=$49.99, name=Sauce Labs Fleece Jacket, WebElement=[[AndroidDriver:  on ANDROID (fd8409de-7667-4fac-978d-8fdc30ceb4dc)] -> accessibility id: product label]}]
Total Items: 1 item
Total Price: $49.99]]>
    </system-out>
  </testcase> <!-- test1 -->
  <system-out>
    <![CDATA[Product details
[{Price=$29.99, name=Sauce Labs Bolt T-Shirt}, {Price=$9.99, name=Sauce Labs Fleece Jacket}, {Price=$15.99, name=Sauce Labs Onesie}, {Price=$49.99, name=Test.allTheThings() T-Shirt}]
All items in cart
[{quantity=1, price=$49.99, name=Sauce Labs Fleece Jacket, WebElement=[[AndroidDriver:  on ANDROID (fd8409de-7667-4fac-978d-8fdc30ceb4dc)] -> accessibility id: product label]}]
Total Items: 1 item
Total Price: $49.99]]>
  </system-out>
</testsuite> <!-- tests.Test1 -->
